<?xml version="1.0" encoding="UTF-8"?>
<!-- Generated by org.testng.reporters.JUnitReportReporter -->
<testsuite skipped="0" hostname="A8344F1D" name="com.vlabs.qa.stepdefinations.TestRunner" tests="1" failures="0" timestamp="31 Oct 2017 12:43:03 GMT" time="11.983" errors="0">
  <testcase name="feature" time="11.983" classname="com.vlabs.qa.stepdefinations.TestRunner"/>
</testsuite> <!-- com.vlabs.qa.stepdefinations.TestRunner -->
