<?xml version="1.0" encoding="UTF-8"?>
<!-- Generated by org.testng.reporters.JUnitReportReporter -->
<testsuite skipped="0" hostname="A8344F1D" name="com.vlabs.qa.runner.TestRunner" tests="1" failures="0" timestamp="31 Oct 2017 12:21:03 GMT" time="6.055" errors="0">
  <testcase name="feature" time="6.055" classname="com.vlabs.qa.runner.TestRunner"/>
</testsuite> <!-- com.vlabs.qa.runner.TestRunner -->
